-------------------------------------------------------------------------------
Test set: com.khanabook.saas.service.BillServiceTest
-------------------------------------------------------------------------------
Tests run: 2, Failures: 2, Errors: 0, Skipped: 0, Time elapsed: 4.144 s <<< FAILURE! -- in com.khanabook.saas.service.BillServiceTest
com.khanabook.saas.service.BillServiceTest.givenExistingBill_whenMobileIsNewer_thenUpdateLwwSuccess -- Time elapsed: 4.006 s <<< FAILURE!
Wanted but not invoked:
billRepository.save(
    <Capturing argument: Bill>
);
-> at com.khanabook.saas.service.BillServiceTest.givenExistingBill_whenMobileIsNewer_thenUpdateLwwSuccess(BillServiceTest.java:68)

However, there were exactly 2 interactions with this mock:
billRepository.findByRestaurantIdAndDeviceIdAndLocalIdIn(
    99L,
    "TABLET_1",
    [101]
);
-> at com.khanabook.saas.sync.service.GenericSyncService.handlePushSync(GenericSyncService.java:44)

billRepository.saveAll(
    [com.khanabook.saas.entity.Bill@7e7f0f0a]
);
-> at com.khanabook.saas.sync.service.GenericSyncService.handlePushSync(GenericSyncService.java:94)


	at com.khanabook.saas.service.BillServiceTest.givenExistingBill_whenMobileIsNewer_thenUpdateLwwSuccess(BillServiceTest.java:68)
	at java.base/java.lang.reflect.Method.invoke(Method.java:580)
	at java.base/java.util.ArrayList.forEach(ArrayList.java:1596)
	at java.base/java.util.ArrayList.forEach(ArrayList.java:1596)

com.khanabook.saas.service.BillServiceTest.givenHackedPayload_whenInsertNewBill_thenForceTenantIsolation -- Time elapsed: 0.014 s <<< FAILURE!
Wanted but not invoked:
billRepository.save(
    <Capturing argument: Bill>
);
-> at com.khanabook.saas.service.BillServiceTest.givenHackedPayload_whenInsertNewBill_thenForceTenantIsolation(BillServiceTest.java:87)

However, there were exactly 2 interactions with this mock:
billRepository.findByRestaurantIdAndDeviceIdAndLocalIdIn(
    99L,
    "TABLET_1",
    [202]
);
-> at com.khanabook.saas.sync.service.GenericSyncService.handlePushSync(GenericSyncService.java:44)

billRepository.saveAll(
    [com.khanabook.saas.entity.Bill@5e268ce6]
);
-> at com.khanabook.saas.sync.service.GenericSyncService.handlePushSync(GenericSyncService.java:94)


	at com.khanabook.saas.service.BillServiceTest.givenHackedPayload_whenInsertNewBill_thenForceTenantIsolation(BillServiceTest.java:87)
	at java.base/java.lang.reflect.Method.invoke(Method.java:580)
	at java.base/java.util.ArrayList.forEach(ArrayList.java:1596)
	at java.base/java.util.ArrayList.forEach(ArrayList.java:1596)

